TN:
SF:src\scrapers\rokomari.scraper.ts
FN:17,(anonymous_8)
FN:22,(anonymous_9)
FN:31,(anonymous_11)
FNF:3
FNH:3
FNDA:2,(anonymous_8)
FNDA:2,(anonymous_9)
FNDA:1,(anonymous_11)
DA:8,1
DA:9,1
DA:10,1
DA:11,1
DA:13,1
DA:18,2
DA:19,2
DA:23,2
DA:24,2
DA:26,2
DA:27,2
DA:28,2
DA:29,2
DA:31,2
DA:33,1
DA:35,1
DA:37,1
DA:41,1
DA:47,1
DA:48,1
DA:49,0
DA:50,0
DA:51,0
DA:52,0
DA:55,1
DA:56,1
DA:59,2
DA:60,1
DA:63,2
DA:64,2
DA:66,0
DA:67,0
LF:32
LH:26
BRDA:29,0,0,2
BRDA:29,0,1,2
BRDA:33,1,0,1
BRDA:33,1,1,0
BRDA:35,2,0,1
BRDA:35,2,1,0
BRDA:37,3,0,1
BRDA:37,3,1,0
BRDA:41,4,0,1
BRDA:41,4,1,1
BRDA:41,4,2,1
BRDA:41,4,3,1
BRDA:47,5,0,1
BRDA:47,5,1,0
BRDA:49,6,0,0
BRDA:49,6,1,0
BRDA:51,7,0,0
BRDA:59,8,0,1
BRF:18
BRH:11
end_of_record
TN:
SF:src\utils\fetchHtml.ts
FN:6,fetchHtml
FN:7,(anonymous_18)
FN:24,(anonymous_19)
FNF:3
FNH:0
FNDA:0,fetchHtml
FNDA:0,(anonymous_18)
FNDA:0,(anonymous_19)
DA:1,1
DA:2,1
DA:3,1
DA:4,1
DA:6,1
DA:7,0
DA:10,0
DA:11,0
DA:12,0
DA:13,0
DA:14,0
DA:16,0
DA:17,0
DA:21,0
DA:23,0
DA:24,0
DA:27,0
LF:17
LH:5
BRDA:8,0,0,0
BRDA:16,1,0,0
BRF:2
BRH:0
end_of_record
TN:
SF:src\utils\genId.ts
FN:3,genId
FNF:1
FNH:1
FNDA:1,genId
DA:1,1
DA:3,1
DA:4,1
LF:3
LH:3
BRF:0
BRH:0
end_of_record
TN:
SF:src\utils\logger.ts
FNF:0
FNH:0
DA:1,2
DA:2,2
DA:4,2
DA:25,2
LF:4
LH:4
BRF:0
BRH:0
end_of_record
TN:
SF:src\utils\scraperError.ts
FN:2,(anonymous_0)
FNF:1
FNH:0
FNDA:0,(anonymous_0)
DA:1,2
DA:4,0
DA:6,0
DA:7,0
LF:4
LH:1
BRF:0
BRH:0
end_of_record
