TN:
SF:src\scrapers\amazon_uk_puppeteer.scraper.ts.ts
FN:11,(anonymous_8)
FN:16,(anonymous_9)
FN:29,(anonymous_11)
FN:32,(anonymous_12)
FN:67,(anonymous_13)
FNF:5
FNH:2
FNDA:1,(anonymous_8)
FNDA:2,(anonymous_9)
FNDA:0,(anonymous_11)
FNDA:0,(anonymous_12)
FNDA:0,(anonymous_13)
DA:1,1
DA:4,1
DA:5,1
DA:7,1
DA:12,1
DA:13,1
DA:17,2
DA:18,2
DA:21,2
DA:22,2
DA:23,1
DA:24,1
DA:27,1
DA:29,1
DA:30,0
DA:31,0
DA:32,0
DA:33,0
DA:35,0
DA:39,0
DA:43,0
DA:46,0
DA:52,0
DA:53,0
DA:54,0
DA:55,0
DA:57,0
DA:58,0
DA:61,0
DA:65,1
DA:67,0
DA:70,1
DA:71,0
DA:74,1
DA:75,1
DA:77,1
DA:78,1
DA:80,2
DA:81,1
LF:39
LH:22
BRDA:33,0,0,0
BRDA:33,0,1,0
BRDA:33,1,0,0
BRDA:33,1,1,0
BRDA:33,2,0,0
BRDA:33,2,1,0
BRDA:33,3,0,0
BRDA:33,3,1,0
BRDA:35,4,0,0
BRDA:35,4,1,0
BRDA:35,5,0,0
BRDA:35,5,1,0
BRDA:35,6,0,0
BRDA:35,6,1,0
BRDA:35,7,0,0
BRDA:35,7,1,0
BRDA:35,8,0,0
BRDA:35,8,1,0
BRDA:39,9,0,0
BRDA:39,9,1,0
BRDA:39,10,0,0
BRDA:39,10,1,0
BRDA:39,11,0,0
BRDA:39,11,1,0
BRDA:43,12,0,0
BRDA:43,12,1,0
BRDA:43,13,0,0
BRDA:43,13,1,0
BRDA:43,14,0,0
BRDA:43,14,1,0
BRDA:46,15,0,0
BRDA:47,16,0,0
BRDA:47,16,1,0
BRDA:47,16,2,0
BRDA:47,16,3,0
BRDA:52,17,0,0
BRDA:52,17,1,0
BRDA:54,18,0,0
BRDA:65,19,0,1
BRDA:65,19,1,0
BRDA:70,20,0,0
BRDA:80,21,0,1
BRF:42
BRH:2
end_of_record
TN:
SF:src\scrapers\daraz.scraper.ts
FN:17,(anonymous_8)
FN:22,(anonymous_9)
FN:31,(anonymous_11)
FNF:3
FNH:3
FNDA:2,(anonymous_8)
FNDA:2,(anonymous_9)
FNDA:1,(anonymous_11)
DA:8,1
DA:9,1
DA:10,1
DA:11,1
DA:13,1
DA:18,2
DA:19,2
DA:23,2
DA:24,2
DA:26,2
DA:27,2
DA:28,2
DA:29,2
DA:31,2
DA:33,1
DA:35,1
DA:37,1
DA:39,1
DA:41,1
DA:42,1
DA:43,0
DA:44,0
DA:47,1
DA:48,1
DA:51,2
DA:52,1
DA:55,2
DA:56,2
DA:58,0
DA:59,0
LF:30
LH:26
BRDA:29,0,0,2
BRDA:29,0,1,0
BRDA:33,1,0,1
BRDA:33,1,1,0
BRDA:35,2,0,1
BRDA:35,2,1,0
BRDA:37,3,0,1
BRDA:37,3,1,0
BRDA:39,4,0,1
BRDA:39,4,1,0
BRDA:41,5,0,1
BRDA:41,5,1,0
BRDA:43,6,0,0
BRDA:51,7,0,1
BRF:14
BRH:7
end_of_record
TN:
SF:src\scrapers\rokomari.scraper.ts
FN:12,(anonymous_8)
FN:17,(anonymous_9)
FN:26,(anonymous_11)
FNF:3
FNH:3
FNDA:2,(anonymous_8)
FNDA:2,(anonymous_9)
FNDA:1,(anonymous_11)
DA:3,1
DA:4,1
DA:5,1
DA:6,1
DA:8,1
DA:13,2
DA:14,2
DA:18,2
DA:19,2
DA:21,2
DA:22,2
DA:23,2
DA:24,2
DA:26,2
DA:28,1
DA:30,1
DA:32,1
DA:36,1
DA:42,1
DA:43,0
DA:44,1
DA:45,1
DA:46,0
DA:47,0
DA:50,1
DA:51,1
DA:54,2
DA:55,1
DA:58,2
DA:59,2
DA:61,0
DA:62,0
LF:32
LH:27
BRDA:24,0,0,2
BRDA:24,0,1,2
BRDA:28,1,0,1
BRDA:28,1,1,0
BRDA:30,2,0,1
BRDA:30,2,1,0
BRDA:32,3,0,1
BRDA:32,3,1,0
BRDA:36,4,0,1
BRDA:36,4,1,0
BRDA:36,4,2,0
BRDA:36,4,3,0
BRDA:42,5,0,0
BRDA:42,5,1,1
BRDA:44,6,0,1
BRDA:44,6,1,0
BRDA:46,7,0,0
BRDA:54,8,0,1
BRF:18
BRH:9
end_of_record
TN:
SF:src\utils\fetchHtml.ts
FN:6,fetchHtml
FN:7,(anonymous_18)
FN:24,(anonymous_19)
FNF:3
FNH:0
FNDA:0,fetchHtml
FNDA:0,(anonymous_18)
FNDA:0,(anonymous_19)
DA:1,2
DA:2,2
DA:3,2
DA:4,2
DA:6,2
DA:7,0
DA:10,0
DA:11,0
DA:12,0
DA:13,0
DA:14,0
DA:16,0
DA:17,0
DA:21,0
DA:23,0
DA:24,0
DA:27,0
LF:17
LH:5
BRDA:8,0,0,0
BRDA:16,1,0,0
BRF:2
BRH:0
end_of_record
TN:
SF:src\utils\genId.ts
FN:3,genId
FNF:1
FNH:1
FNDA:1,genId
DA:1,2
DA:3,2
DA:4,1
LF:3
LH:3
BRF:0
BRH:0
end_of_record
TN:
SF:src\utils\logger.ts
FNF:0
FNH:0
DA:1,4
DA:2,4
DA:4,4
DA:25,4
LF:4
LH:4
BRF:0
BRH:0
end_of_record
TN:
SF:src\utils\scraperError.ts
FN:2,(anonymous_0)
FNF:1
FNH:1
FNDA:1,(anonymous_0)
DA:1,5
DA:4,1
DA:6,1
DA:7,1
LF:4
LH:4
BRF:0
BRH:0
end_of_record
